<?xml version="1.0" encoding="UTF-8"?>
<!-- Generated by org.testng.reporters.JUnitXMLReporter -->
<testsuite hostname="LAPTOP-T3UANJN2" ignored="1" name="com-nopcommerce-pagefactory-sw5" tests="1" failures="0" timestamp="2022-12-13T18:02:22 GMT" time="5.881" errors="0">
  <testcase name="verifyProductArrangeInAlphaBaticalOrder" time="1.413" classname="com.nopcommerce.demo.testsuite.ComputerTest"/>
  <testcase name="verifyProductAddedToShoppingCartSuccessFully" time="0.0" classname="com.nopcommerce.demo.testsuite.ComputerTest">
    <ignored/>
  </testcase> <!-- verifyProductAddedToShoppingCartSuccessFully -->
</testsuite> <!-- com-nopcommerce-pagefactory-sw5 -->
