<?xml version="1.0" encoding="UTF-8"?>
<!-- Generated by org.testng.reporters.JUnitXMLReporter -->
<testsuite hostname="LAPTOP-T3UANJN2" ignored="3" name="Sanity Test" tests="0" failures="0" timestamp="2022-12-13T18:01:36 GMT" time="0.38" errors="0">
  <testcase name="verifyProductAddedToShoppingCartSuccessFully" time="0.0" classname="com.nopcommerce.demo.testsuite.ComputerTest">
    <ignored/>
  </testcase> <!-- verifyProductAddedToShoppingCartSuccessFully -->
  <testcase name="verifyThatTheProductAddedSuccessfullyAndPlaceOrderSuccessfully" time="0.0" classname="com.nopcommerce.demo.testsuite.ElectronicsPageTest">
    <ignored/>
  </testcase> <!-- verifyThatTheProductAddedSuccessfullyAndPlaceOrderSuccessfully -->
  <testcase name="verifyPageNavigation" time="0.0" classname="com.nopcommerce.demo.testsuite.HomePageTest">
    <ignored/>
  </testcase> <!-- verifyPageNavigation -->
</testsuite> <!-- Sanity Test -->
