<?xml version="1.0" encoding="UTF-8"?>
<testng-results skipped="0" failed="0" ignored="1" total="2" passed="1">
  <reporter-output>
    <line>
      <![CDATA[Click on Desktop[[ChromeDriver: chrome on WINDOWS (d1edf14cd9e9e0823ef0d0c6c2ffa010)] -> link text: Desktops]]]>
    </line>
    <line>
      <![CDATA[Select by nameName: Z to A to name field [[ChromeDriver: chrome on WINDOWS (d1edf14cd9e9e0823ef0d0c6c2ffa010)] -> name: products-orderby]]]>
    </line>
  </reporter-output>
  <suite name="Default Suite" duration-ms="5881" started-at="2022-12-13T18:02:16 GMT" finished-at="2022-12-13T18:02:22 GMT">
    <groups>
      <group name="regression">
        <method signature="ComputerTest.verifyProductArrangeInAlphaBaticalOrder()[pri:0, instance:com.nopcommerce.demo.testsuite.ComputerTest@3712b94]" name="verifyProductArrangeInAlphaBaticalOrder" class="com.nopcommerce.demo.testsuite.ComputerTest"/>
      </group> <!-- regression -->
      <group name="sanity">
        <method signature="ComputerTest.verifyProductArrangeInAlphaBaticalOrder()[pri:0, instance:com.nopcommerce.demo.testsuite.ComputerTest@3712b94]" name="verifyProductArrangeInAlphaBaticalOrder" class="com.nopcommerce.demo.testsuite.ComputerTest"/>
      </group> <!-- sanity -->
    </groups>
    <test name="com-nopcommerce-pagefactory-sw5" duration-ms="5881" started-at="2022-12-13T18:02:16 GMT" finished-at="2022-12-13T18:02:22 GMT">
      <class name="com.nopcommerce.demo.testsuite.ComputerTest">
        <test-method status="PASS" signature="setUp()[pri:0, instance:com.nopcommerce.demo.testsuite.ComputerTest@3712b94]" name="setUp" is-config="true" duration-ms="3639" started-at="2022-12-13T18:02:16 GMT" finished-at="2022-12-13T18:02:19 GMT">
          <reporter-output>
          </reporter-output>
        </test-method> <!-- setUp -->
        <test-method status="PASS" signature="inIt()[pri:0, instance:com.nopcommerce.demo.testsuite.ComputerTest@3712b94]" name="inIt" is-config="true" duration-ms="70" started-at="2022-12-13T18:02:19 GMT" finished-at="2022-12-13T18:02:19 GMT">
          <reporter-output>
          </reporter-output>
        </test-method> <!-- inIt -->
        <test-method status="PASS" signature="verifyProductArrangeInAlphaBaticalOrder()[pri:0, instance:com.nopcommerce.demo.testsuite.ComputerTest@3712b94]" name="verifyProductArrangeInAlphaBaticalOrder" duration-ms="1413" started-at="2022-12-13T18:02:19 GMT" finished-at="2022-12-13T18:02:21 GMT">
          <reporter-output>
            <line>
              <![CDATA[Click on Desktop[[ChromeDriver: chrome on WINDOWS (d1edf14cd9e9e0823ef0d0c6c2ffa010)] -> link text: Desktops]]]>
            </line>
            <line>
              <![CDATA[Select by nameName: Z to A to name field [[ChromeDriver: chrome on WINDOWS (d1edf14cd9e9e0823ef0d0c6c2ffa010)] -> name: products-orderby]]]>
            </line>
          </reporter-output>
        </test-method> <!-- verifyProductArrangeInAlphaBaticalOrder -->
        <test-method status="PASS" signature="tearDown()[pri:0, instance:com.nopcommerce.demo.testsuite.ComputerTest@3712b94]" name="tearDown" is-config="true" duration-ms="722" started-at="2022-12-13T18:02:21 GMT" finished-at="2022-12-13T18:02:22 GMT">
          <reporter-output>
          </reporter-output>
        </test-method> <!-- tearDown -->
      </class> <!-- com.nopcommerce.demo.testsuite.ComputerTest -->
    </test> <!-- com-nopcommerce-pagefactory-sw5 -->
  </suite> <!-- Default Suite -->
</testng-results>
